<?xml version="1.0" encoding="UTF-8"?>
<robot generator="Robot 6.0.2 (Python 3.11.2 on win32)" generated="20231204 03:18:46.147" rpa="false" schemaversion="3">
<suite id="s1" name="Eshop" source="D:\Robot-Framework\robot-framework\tests\eshop.robot">
<test id="s1-t1" name="Validate that Oppo product should be displayed in cart" line="12">
<kw name="Begin Web Test" library="Common" type="SETUP">
<kw name="Set Selenium Timeout" library="SeleniumLibrary">
<arg>30 seconds</arg>
<doc>Sets the timeout that is used by various keywords.</doc>
<status status="PASS" starttime="20231204 03:18:46.722" endtime="20231204 03:18:46.722"/>
</kw>
<kw name="Open Browser" library="SeleniumLibrary">
<arg>about:blank</arg>
<arg>${BROWSER}</arg>
<doc>Opens a new browser instance to the optional ``url``.</doc>
<msg timestamp="20231204 03:18:46.722" level="INFO">Opening browser 'edge' to base url 'about:blank'.</msg>
<status status="PASS" starttime="20231204 03:18:46.722" endtime="20231204 03:18:49.953"/>
</kw>
<kw name="Maximize Browser Window" library="SeleniumLibrary">
<doc>Maximizes current browser window.</doc>
<status status="PASS" starttime="20231204 03:18:49.954" endtime="20231204 03:18:50.138"/>
</kw>
<status status="PASS" starttime="20231204 03:18:46.722" endtime="20231204 03:18:50.138"/>
</kw>
<kw name="Verify Vodafone Egypt Loaded" library="EShopVodafone">
<kw name="Load" library="EShopLandingPage">
<kw name="Go To" library="SeleniumLibrary">
<arg>https://eshop.vodafone.com.eg/en/</arg>
<doc>Navigates the current browser window to the provided ``url``.</doc>
<msg timestamp="20231204 03:18:50.143" level="INFO">Opening url 'https://eshop.vodafone.com.eg/en/'</msg>
<status status="PASS" starttime="20231204 03:18:50.143" endtime="20231204 03:18:51.180"/>
</kw>
<kw name="Sleep" library="BuiltIn">
<arg>20s</arg>
<doc>Pauses the test executed for the given time.</doc>
<msg timestamp="20231204 03:19:11.181" level="INFO">Slept 20 seconds</msg>
<status status="PASS" starttime="20231204 03:18:51.181" endtime="20231204 03:19:11.182"/>
</kw>
<status status="PASS" starttime="20231204 03:18:50.141" endtime="20231204 03:19:11.182"/>
</kw>
<kw name="Accept Cookies" library="EShopLandingPage">
<kw name="Click Button" library="SeleniumLibrary">
<arg>${ACCEPT_COOKIES_BUTTON}</arg>
<doc>Clicks the button identified by ``locator``.</doc>
<msg timestamp="20231204 03:19:11.188" level="INFO">Clicking button 'id=onetrust-accept-btn-handler'.</msg>
<msg timestamp="20231204 03:19:11.970" level="INFO" html="true">&lt;/td&gt;&lt;/tr&gt;&lt;tr&gt;&lt;td colspan="3"&gt;&lt;a href="selenium-screenshot-14.png"&gt;&lt;img src="selenium-screenshot-14.png" width="800px"&gt;&lt;/a&gt;</msg>
<msg timestamp="20231204 03:19:11.970" level="FAIL">Button with locator 'id=onetrust-accept-btn-handler' not found.</msg>
<status status="FAIL" starttime="20231204 03:19:11.184" endtime="20231204 03:19:11.979"/>
</kw>
<status status="FAIL" starttime="20231204 03:19:11.182" endtime="20231204 03:19:11.979"/>
</kw>
<kw name="Verify Vodafone Egypt Loaded" library="EShopLandingPage">
<status status="NOT RUN" starttime="20231204 03:19:11.979" endtime="20231204 03:19:11.979"/>
</kw>
<kw name="Click On Profile Menu" library="EShopLandingPage">
<status status="NOT RUN" starttime="20231204 03:19:11.979" endtime="20231204 03:19:11.979"/>
</kw>
<status status="FAIL" starttime="20231204 03:18:50.140" endtime="20231204 03:19:11.979"/>
</kw>
<kw name="Login with valid crdentials" library="EShopVodafone">
<status status="NOT RUN" starttime="20231204 03:19:11.994" endtime="20231204 03:19:11.995"/>
</kw>
<kw name="Search for Samsung product with click" library="EShopVodafone">
<status status="NOT RUN" starttime="20231204 03:19:11.996" endtime="20231204 03:19:11.996"/>
</kw>
<kw name="Validate Oppo product add to cart" library="EShopVodafone">
<status status="NOT RUN" starttime="20231204 03:19:11.997" endtime="20231204 03:19:11.997"/>
</kw>
<kw name="End Web Test" library="Common" type="TEARDOWN">
<kw name="Close Browser" library="SeleniumLibrary">
<doc>Closes the current browser.</doc>
<status status="PASS" starttime="20231204 03:19:11.999" endtime="20231204 03:19:27.488"/>
</kw>
<status status="PASS" starttime="20231204 03:19:11.999" endtime="20231204 03:19:27.488"/>
</kw>
<tag>Smoke</tag>
<status status="FAIL" starttime="20231204 03:18:46.722" endtime="20231204 03:19:27.489">Button with locator 'id=onetrust-accept-btn-handler' not found.</status>
</test>
<test id="s1-t2" name="Validate that invalid address should be demeed all buttons" line="19">
<kw name="Begin Web Test" library="Common" type="SETUP">
<kw name="Set Selenium Timeout" library="SeleniumLibrary">
<arg>30 seconds</arg>
<doc>Sets the timeout that is used by various keywords.</doc>
<status status="PASS" starttime="20231204 03:19:27.497" endtime="20231204 03:19:27.499"/>
</kw>
<kw name="Open Browser" library="SeleniumLibrary">
<arg>about:blank</arg>
<arg>${BROWSER}</arg>
<doc>Opens a new browser instance to the optional ``url``.</doc>
<msg timestamp="20231204 03:19:27.501" level="INFO">Opening browser 'edge' to base url 'about:blank'.</msg>
<status status="PASS" starttime="20231204 03:19:27.500" endtime="20231204 03:19:32.637"/>
</kw>
<kw name="Maximize Browser Window" library="SeleniumLibrary">
<doc>Maximizes current browser window.</doc>
<status status="PASS" starttime="20231204 03:19:32.638" endtime="20231204 03:19:32.808"/>
</kw>
<status status="PASS" starttime="20231204 03:19:27.497" endtime="20231204 03:19:32.809"/>
</kw>
<kw name="Verify Vodafone Egypt Loaded" library="EShopVodafone">
<kw name="Load" library="EShopLandingPage">
<kw name="Go To" library="SeleniumLibrary">
<arg>https://eshop.vodafone.com.eg/en/</arg>
<doc>Navigates the current browser window to the provided ``url``.</doc>
<msg timestamp="20231204 03:19:32.813" level="INFO">Opening url 'https://eshop.vodafone.com.eg/en/'</msg>
<status status="PASS" starttime="20231204 03:19:32.813" endtime="20231204 03:19:33.835"/>
</kw>
<kw name="Sleep" library="BuiltIn">
<arg>20s</arg>
<doc>Pauses the test executed for the given time.</doc>
<msg timestamp="20231204 03:19:53.837" level="INFO">Slept 20 seconds</msg>
<status status="PASS" starttime="20231204 03:19:33.835" endtime="20231204 03:19:53.837"/>
</kw>
<status status="PASS" starttime="20231204 03:19:32.812" endtime="20231204 03:19:53.838"/>
</kw>
<kw name="Accept Cookies" library="EShopLandingPage">
<kw name="Click Button" library="SeleniumLibrary">
<arg>${ACCEPT_COOKIES_BUTTON}</arg>
<doc>Clicks the button identified by ``locator``.</doc>
<msg timestamp="20231204 03:19:53.841" level="INFO">Clicking button 'id=onetrust-accept-btn-handler'.</msg>
<msg timestamp="20231204 03:19:54.576" level="INFO" html="true">&lt;/td&gt;&lt;/tr&gt;&lt;tr&gt;&lt;td colspan="3"&gt;&lt;a href="selenium-screenshot-15.png"&gt;&lt;img src="selenium-screenshot-15.png" width="800px"&gt;&lt;/a&gt;</msg>
<msg timestamp="20231204 03:19:54.577" level="FAIL">Button with locator 'id=onetrust-accept-btn-handler' not found.</msg>
<status status="FAIL" starttime="20231204 03:19:53.839" endtime="20231204 03:19:54.579"/>
</kw>
<status status="FAIL" starttime="20231204 03:19:53.838" endtime="20231204 03:19:54.580"/>
</kw>
<kw name="Verify Vodafone Egypt Loaded" library="EShopLandingPage">
<status status="NOT RUN" starttime="20231204 03:19:54.580" endtime="20231204 03:19:54.581"/>
</kw>
<kw name="Click On Profile Menu" library="EShopLandingPage">
<status status="NOT RUN" starttime="20231204 03:19:54.581" endtime="20231204 03:19:54.581"/>
</kw>
<status status="FAIL" starttime="20231204 03:19:32.810" endtime="20231204 03:19:54.581"/>
</kw>
<kw name="Login with valid crdentials" library="EShopVodafone">
<status status="NOT RUN" starttime="20231204 03:19:54.588" endtime="20231204 03:19:54.589"/>
</kw>
<kw name="Validate Oppo product add to cart" library="EShopVodafone">
<status status="NOT RUN" starttime="20231204 03:19:54.591" endtime="20231204 03:19:54.592"/>
</kw>
<kw name="Click on checkout button" library="EShopVodafone">
<status status="NOT RUN" starttime="20231204 03:19:54.593" endtime="20231204 03:19:54.593"/>
</kw>
<kw name="Click on add address button" library="EShopVodafone">
<status status="NOT RUN" starttime="20231204 03:19:54.611" endtime="20231204 03:19:54.611"/>
</kw>
<kw name="Fill Shipping Information" library="EShopVodafone">
<status status="NOT RUN" starttime="20231204 03:19:54.611" endtime="20231204 03:19:54.611"/>
</kw>
<kw name="Validate Error message displayed and Save address button is dimmed" library="EShopVodafone">
<status status="NOT RUN" starttime="20231204 03:19:54.611" endtime="20231204 03:19:54.611"/>
</kw>
<kw name="End Web Test" library="Common" type="TEARDOWN">
<kw name="Close Browser" library="SeleniumLibrary">
<doc>Closes the current browser.</doc>
<status status="PASS" starttime="20231204 03:19:54.621" endtime="20231204 03:20:00.066"/>
</kw>
<status status="PASS" starttime="20231204 03:19:54.619" endtime="20231204 03:20:00.067"/>
</kw>
<tag>Smoke</tag>
<status status="FAIL" starttime="20231204 03:19:27.489" endtime="20231204 03:20:00.069">Button with locator 'id=onetrust-accept-btn-handler' not found.</status>
</test>
<status status="FAIL" starttime="20231204 03:18:46.152" endtime="20231204 03:20:00.073"/>
</suite>
<statistics>
<total>
<stat pass="0" fail="2" skip="0">All Tests</stat>
</total>
<tag>
<stat pass="0" fail="2" skip="0">Smoke</stat>
</tag>
<suite>
<stat pass="0" fail="2" skip="0" id="s1" name="Eshop">Eshop</stat>
</suite>
</statistics>
<errors>
</errors>
</robot>
