<?xml version="1.0" encoding="UTF-8"?>
<robot generator="Robot 6.0.2 (Python 3.11.2 on win32)" generated="20231204 08:29:53.367" rpa="false" schemaversion="3">
<suite id="s1" name="Eshop" source="D:\Robot-Framework\robot-framework\Vodafone-Framework\tests\eshop.robot">
<test id="s1-t1" name="Validate that Oppo product should be displayed in cart" line="12">
<kw name="Begin Web Test" library="Common" type="SETUP">
<kw name="Set Selenium Timeout" library="SeleniumLibrary">
<arg>30 seconds</arg>
<doc>Sets the timeout that is used by various keywords.</doc>
<status status="PASS" starttime="20231204 08:29:53.613" endtime="20231204 08:29:53.613"/>
</kw>
<kw name="Open Browser" library="SeleniumLibrary">
<arg>about:blank</arg>
<arg>${BROWSER}</arg>
<doc>Opens a new browser instance to the optional ``url``.</doc>
<msg timestamp="20231204 08:29:53.614" level="INFO">Opening browser 'edge' to base url 'about:blank'.</msg>
<status status="PASS" starttime="20231204 08:29:53.613" endtime="20231204 08:29:55.374"/>
</kw>
<kw name="Maximize Browser Window" library="SeleniumLibrary">
<doc>Maximizes current browser window.</doc>
<status status="PASS" starttime="20231204 08:29:55.374" endtime="20231204 08:29:55.502"/>
</kw>
<status status="PASS" starttime="20231204 08:29:53.613" endtime="20231204 08:29:55.503"/>
</kw>
<kw name="Verify Vodafone Egypt Loaded" library="EShopVodafone">
<kw name="Load" library="EShopLandingPage">
<kw name="Go To" library="SeleniumLibrary">
<arg>https://eshop.vodafone.com.eg/en/</arg>
<doc>Navigates the current browser window to the provided ``url``.</doc>
<msg timestamp="20231204 08:29:55.504" level="INFO">Opening url 'https://eshop.vodafone.com.eg/en/'</msg>
<status status="PASS" starttime="20231204 08:29:55.504" endtime="20231204 08:30:17.742"/>
</kw>
<kw name="Sleep" library="BuiltIn">
<arg>20s</arg>
<doc>Pauses the test executed for the given time.</doc>
<status status="FAIL" starttime="20231204 08:30:17.742" endtime="20231204 08:30:19.450"/>
</kw>
<status status="FAIL" starttime="20231204 08:29:55.504" endtime="20231204 08:30:19.450"/>
</kw>
<kw name="Accept Cookies" library="EShopLandingPage">
<status status="NOT RUN" starttime="20231204 08:30:19.450" endtime="20231204 08:30:19.450"/>
</kw>
<kw name="Verify Vodafone Egypt Loaded" library="EShopLandingPage">
<status status="NOT RUN" starttime="20231204 08:30:19.450" endtime="20231204 08:30:19.450"/>
</kw>
<kw name="Click On Profile Menu" library="EShopLandingPage">
<status status="NOT RUN" starttime="20231204 08:30:19.450" endtime="20231204 08:30:19.450"/>
</kw>
<status status="FAIL" starttime="20231204 08:29:55.503" endtime="20231204 08:30:19.450"/>
</kw>
<kw name="Login with valid crdentials" library="EShopVodafone">
<status status="NOT RUN" starttime="20231204 08:30:19.450" endtime="20231204 08:30:19.450"/>
</kw>
<kw name="Search for Samsung product with click" library="EShopVodafone">
<status status="NOT RUN" starttime="20231204 08:30:19.450" endtime="20231204 08:30:19.450"/>
</kw>
<kw name="Validate Oppo product add to cart" library="EShopVodafone">
<status status="NOT RUN" starttime="20231204 08:30:19.450" endtime="20231204 08:30:19.450"/>
</kw>
<kw name="End Web Test" library="Common" type="TEARDOWN">
<kw name="Close Browser" library="SeleniumLibrary">
<doc>Closes the current browser.</doc>
<msg timestamp="20231204 08:30:19.450" level="WARN">Retrying (Retry(total=2, connect=None, read=None, redirect=None, status=None)) after connection broken by 'ProtocolError('Connection aborted.', ConnectionResetError(10054, 'An existing connection was forcibly closed by the remote host', None, 10054, None))': /session/16bbbc2a336993e58caffbb3a4efdbc5</msg>
<errors>
<msg timestamp="20231204 08:30:19.450" level="WARN">Retrying (Retry(total=2, connect=None, read=None, redirect=None, status=None)) after connection broken by 'ProtocolError('Connection aborted.', ConnectionResetError(10054, 'An existing connection was forcibly closed by the remote host', None, 10054, None))': /session/16bbbc2a336993e58caffbb3a4efdbc5</msg>
<msg timestamp="20231204 08:30:25.541" level="ERROR">Execution stopped by user.</msg>
</errors>
</robot>
